<?xml version="1.0" encoding="UTF-8"?>
<!-- Generated by org.testng.reporters.JUnitReportReporter -->
<testsuite skipped="0" hostname="CIS20" name="day1.RedBus" tests="1" failures="0" timestamp="21 Jan 2020 12:28:53 GMT" time="39.382" errors="0">
  <testcase name="redbus" time="39.382" classname="day1.RedBus"/>
</testsuite> <!-- day1.RedBus -->
