<?xml version="1.0" encoding="UTF-8"?>
<!-- Generated by org.testng.reporters.JUnitReportReporter -->
<testsuite skipped="0" hostname="CIS20" name="day1.Flipkart" tests="1" failures="0" timestamp="21 Jan 2020 13:30:42 GMT" time="22.327" errors="0">
  <testcase name="f" time="22.327" classname="day1.Flipkart"/>
</testsuite> <!-- day1.Flipkart -->
