<?xml version="1.0" encoding="UTF-8"?>
<!-- Generated by org.testng.reporters.JUnitReportReporter -->
<testsuite hostname="CIS20" name="runner.runner" tests="1" failures="0" timestamp="5 Feb 2020 12:10:16 GMT" time="43.872" errors="0">
  <testcase name="feature" time="43.872" classname="runner.runner"/>
</testsuite> <!-- runner.runner -->
