<?xml version="1.0" encoding="UTF-8"?>
<!-- Generated by org.testng.reporters.JUnitReportReporter -->
<testsuite hostname="CIS20" name="runner.runner" tests="1" failures="0" timestamp="10 Feb 2020 12:38:04 GMT" time="16.245" errors="0">
  <testcase name="feature" time="16.245" classname="runner.runner"/>
</testsuite> <!-- runner.runner -->
